app/build/outputs/logs/manifest-merger-debug-report.txt
-- Merging decision tree log ---
manifest
ADDED from AndroidManifest.xml:2:1
	xmlns:android
		ADDED from AndroidManifest.xml:2:11
	package
		ADDED from AndroidManifest.xml:3:5
		INJECTED from AndroidManifest.xml:0:0
		INJECTED from AndroidManifest.xml:0:0
	android:versionName
		ADDED from AndroidManifest.xml:5:5
	android:versionCode
		ADDED from AndroidManifest.xml:4:5
		INJECTED from AndroidManifest.xml:0:0
		INJECTED from AndroidManifest.xml:0:0
uses-sdk
ADDED from AndroidManifest.xml:7:5
	android:targetSdkVersion
		ADDED from AndroidManifest.xml:9:9
		INJECTED from AndroidManifest.xml:0:0
		INJECTED from AndroidManifest.xml:0:0
	android:minSdkVersion
		ADDED from AndroidManifest.xml:8:9
		INJECTED from AndroidManifest.xml:0:0
		INJECTED from AndroidManifest.xml:0:0
uses-permission#android.permission.SEND_SMS
ADDED from AndroidManifest.xml:11:5
	android:name
		ADDED from AndroidManifest.xml:11:22
android:uses-permission#android.permission.WRITE_EXTERNAL_STORAGE
ADDED from AndroidManifest.xml:13:5
	android:maxSdkVersion
		ADDED from AndroidManifest.xml:15:9
	android:name
		ADDED from AndroidManifest.xml:14:9
android:uses-permission#android.permission.READ_PHONE_STATE
ADDED from AndroidManifest.xml:16:5
	android:name
		ADDED from AndroidManifest.xml:16:30
android:uses-permission#android.permission.READ_EXTERNAL_STORAGE
ADDED from AndroidManifest.xml:17:5
	android:maxSdkVersion
		ADDED from AndroidManifest.xml:19:9
	android:name
		ADDED from AndroidManifest.xml:18:9
application
ADDED from AndroidManifest.xml:21:5
	android:label
		ADDED from AndroidManifest.xml:24:9
	android:allowBackup
		ADDED from AndroidManifest.xml:22:9
	android:icon
		ADDED from AndroidManifest.xml:23:9
	android:theme
		ADDED from AndroidManifest.xml:25:9
activity#com.example.propertymgmtapp.MainActivity
ADDED from AndroidManifest.xml:26:9
	android:label
		ADDED from AndroidManifest.xml:28:13
	android:name
		ADDED from AndroidManifest.xml:27:13
intent-filter#android.intent.action.MAIN+android.intent.category.LAUNCHER
ADDED from AndroidManifest.xml:29:13
action#android.intent.action.MAIN
ADDED from AndroidManifest.xml:30:17
	android:name
		ADDED from AndroidManifest.xml:30:25
category#android.intent.category.LAUNCHER
ADDED from AndroidManifest.xml:32:17
	android:name
		ADDED from AndroidManifest.xml:32:27
activity#com.example.propertymgmtapp.CalendarActivity
ADDED from AndroidManifest.xml:35:9
	android:label
		ADDED from AndroidManifest.xml:37:13
	android:parentActivityName
		ADDED from AndroidManifest.xml:38:13
	android:name
		ADDED from AndroidManifest.xml:36:13
meta-data#android.support.PARENT_ACTIVITY
ADDED from AndroidManifest.xml:39:13
	android:name
		ADDED from AndroidManifest.xml:40:17
	android:value
		ADDED from AndroidManifest.xml:41:17
activity#com.example.propertymgmtapp.MyProperties
ADDED from AndroidManifest.xml:43:9
	android:label
		ADDED from AndroidManifest.xml:45:13
	android:parentActivityName
		ADDED from AndroidManifest.xml:46:13
	android:name
		ADDED from AndroidManifest.xml:44:13
activity#com.example.propertymgmtapp.About
ADDED from AndroidManifest.xml:51:9
	android:label
		ADDED from AndroidManifest.xml:53:13
	android:parentActivityName
		ADDED from AndroidManifest.xml:54:13
	android:name
		ADDED from AndroidManifest.xml:52:13
activity#com.example.propertymgmtapp.Calendar
ADDED from AndroidManifest.xml:59:9
	android:label
		ADDED from AndroidManifest.xml:61:13
	android:parentActivityName
		ADDED from AndroidManifest.xml:62:13
	android:name
		ADDED from AndroidManifest.xml:60:13
activity#com.example.propertymgmtapp.AddProperty
ADDED from AndroidManifest.xml:67:9
	android:label
		ADDED from AndroidManifest.xml:69:13
	android:name
		ADDED from AndroidManifest.xml:68:13
activity#com.example.propertymgmtapp.ContractorsActivity
ADDED from AndroidManifest.xml:71:9
	android:label
		ADDED from AndroidManifest.xml:73:13
	android:parentActivityName
		ADDED from AndroidManifest.xml:74:13
	android:name
		ADDED from AndroidManifest.xml:72:13
activity#com.example.propertymgmtapp.SearchPropertys
ADDED from AndroidManifest.xml:79:9
	android:label
		ADDED from AndroidManifest.xml:81:13
	android:parentActivityName
		ADDED from AndroidManifest.xml:82:13
	android:name
		ADDED from AndroidManifest.xml:80:13
activity#com.example.propertymgmtapp.SearchProperties
ADDED from AndroidManifest.xml:87:9
	android:label
		ADDED from AndroidManifest.xml:89:13
	android:name
		ADDED from AndroidManifest.xml:88:13
activity#com.example.propertymgmtapp.Tenants
ADDED from AndroidManifest.xml:91:9
	android:label
		ADDED from AndroidManifest.xml:93:13
	android:parentActivityName
		ADDED from AndroidManifest.xml:94:13
	android:name
		ADDED from AndroidManifest.xml:92:13
activity#com.example.propertymgmtapp.AddTenant
ADDED from AndroidManifest.xml:99:9
	android:label
		ADDED from AndroidManifest.xml:101:13
	android:name
		ADDED from AndroidManifest.xml:100:13
activity#com.example.propertymgmtapp.Contractor
ADDED from AndroidManifest.xml:103:9
	android:label
		ADDED from AndroidManifest.xml:105:13
	android:name
		ADDED from AndroidManifest.xml:104:13
activity#com.example.propertymgmtapp.AddContractor
ADDED from AndroidManifest.xml:107:9
	android:label
		ADDED from AndroidManifest.xml:109:13
	android:name
		ADDED from AndroidManifest.xml:108:13
activity#com.example.propertymgmtapp.Help
ADDED from AndroidManifest.xml:111:9
	android:label
		ADDED from AndroidManifest.xml:113:13
	android:name
		ADDED from AndroidManifest.xml:112:13
activity#com.example.propertymgmtapp.SearchTenants
ADDED from AndroidManifest.xml:115:9
	android:label
		ADDED from AndroidManifest.xml:117:13
	android:parentActivityName
		ADDED from AndroidManifest.xml:118:13
	android:name
		ADDED from AndroidManifest.xml:116:13
activity#com.example.propertymgmtapp.UsefulLinks
ADDED from AndroidManifest.xml:123:9
	android:label
		ADDED from AndroidManifest.xml:125:13
	android:parentActivityName
		ADDED from AndroidManifest.xml:126:13
	android:name
		ADDED from AndroidManifest.xml:124:13
activity#com.example.propertymgmtapp.TenantSms
ADDED from AndroidManifest.xml:131:9
	android:label
		ADDED from AndroidManifest.xml:133:13
	android:parentActivityName
		ADDED from AndroidManifest.xml:134:13
	android:name
		ADDED from AndroidManifest.xml:132:13